# JRE version: OpenJDK Runtime Environment (8.0_242-b01) (build 1.8.0_242-release-1644-b01)
# Java VM: OpenJDK 64-Bit Server VM (25.242-b01 mixed mode windows-amd64 compressed oops)
Heap:
 PSYoungGen      total 514048K, used 359886K [0x00000000d5580000, 0x0000000100000000, 0x0000000100000000)
  eden space 351744K, 65% used [0x00000000d5580000,0x00000000e38166e0,0x00000000ead00000)
  from space 162304K, 78% used [0x00000000ead00000,0x00000000f29dd4f8,0x00000000f4b80000)
  to   space 177664K, 0% used [0x00000000f5280000,0x00000000f5280000,0x0000000100000000)
 ParOldGen       total 397824K, used 223812K [0x0000000080000000, 0x0000000098480000, 0x00000000d5580000)
  object space 397824K, 56% used [0x0000000080000000,0x000000008da913c0,0x0000000098480000)
 Metaspace       used 102207K, capacity 110752K, committed 110896K, reserved 1144832K
  class space    used 12935K, capacity 14548K, committed 14640K, reserved 1048576K
GC Heap History (10 events):
Event: 2216.307 GC heap before
{Heap before GC invocations=56 (full 5):
 PSYoungGen      total 510976K, used 363708K [0x00000000d5580000, 0x00000000ff100000, 0x0000000100000000)
  eden space 343552K, 100% used [0x00000000d5580000,0x00000000ea500000,0x00000000ea500000)
  from space 167424K, 12% used [0x00000000f4d80000,0x00000000f612f0a0,0x00000000ff100000)
  to   space 169984K, 0% used [0x00000000ea500000,0x00000000ea500000,0x00000000f4b00000)
 ParOldGen       total 397824K, used 223660K [0x0000000080000000, 0x0000000098480000, 0x00000000d5580000)
  object space 397824K, 56% used [0x0000000080000000,0x000000008da6b3c0,0x0000000098480000)
 Metaspace       used 101753K, capacity 110256K, committed 110512K, reserved 1144832K
  class space    used 12911K, capacity 14508K, committed 14512K, reserved 1048576K
Event: 2216.356 GC heap after
Heap after GC invocations=56 (full 5):
 PSYoungGen      total 513536K, used 51765K [0x00000000d5580000, 0x00000000fee80000, 0x0000000100000000)
  eden space 343552K, 0% used [0x00000000d5580000,0x00000000d5580000,0x00000000ea500000)
  from space 169984K, 30% used [0x00000000ea500000,0x00000000ed78d5b8,0x00000000f4b00000)
  to   space 159744K, 0% used [0x00000000f5280000,0x00000000f5280000,0x00000000fee80000)
 ParOldGen       total 397824K, used 223668K [0x0000000080000000, 0x0000000098480000, 0x00000000d5580000)
  object space 397824K, 56% used [0x0000000080000000,0x000000008da6d3c0,0x0000000098480000)
 Metaspace       used 101753K, capacity 110256K, committed 110512K, reserved 1144832K
  class space    used 12911K, capacity 14508K, committed 14512K, reserved 1048576K
}
Event: 2218.631 GC heap before
{Heap before GC invocations=57 (full 5):
 PSYoungGen      total 513536K, used 395317K [0x00000000d5580000, 0x00000000fee80000, 0x0000000100000000)
  eden space 343552K, 100% used [0x00000000d5580000,0x00000000ea500000,0x00000000ea500000)
  from space 169984K, 30% used [0x00000000ea500000,0x00000000ed78d5b8,0x00000000f4b00000)
  to   space 159744K, 0% used [0x00000000f5280000,0x00000000f5280000,0x00000000fee80000)
 ParOldGen       total 397824K, used 223668K [0x0000000080000000, 0x0000000098480000, 0x00000000d5580000)
  object space 397824K, 56% used [0x0000000080000000,0x000000008da6d3c0,0x0000000098480000)
 Metaspace       used 101753K, capacity 110256K, committed 110512K, reserved 1144832K
  class space    used 12911K, capacity 14508K, committed 14512K, reserved 1048576K
Event: 2218.981 GC heap after
Heap after GC invocations=57 (full 5):
 PSYoungGen      total 505344K, used 127669K [0x00000000d5580000, 0x0000000100000000, 0x0000000100000000)
  eden space 345600K, 0% used [0x00000000d5580000,0x00000000d5580000,0x00000000ea700000)
  from space 159744K, 79% used [0x00000000f5280000,0x00000000fcf2d4d8,0x00000000fee80000)
  to   space 175616K, 0% used [0x00000000ea700000,0x00000000ea700000,0x00000000f5280000)
 ParOldGen       total 397824K, used 223676K [0x0000000080000000, 0x0000000098480000, 0x00000000d5580000)
  object space 397824K, 56% used [0x0000000080000000,0x000000008da6f3c0,0x0000000098480000)
 Metaspace       used 101753K, capacity 110256K, committed 110512K, reserved 1144832K
  class space    used 12911K, capacity 14508K, committed 14512K, reserved 1048576K
}
Event: 2254.231 GC heap before
{Heap before GC invocations=58 (full 5):
 PSYoungGen      total 505344K, used 473269K [0x00000000d5580000, 0x0000000100000000, 0x0000000100000000)
  eden space 345600K, 100% used [0x00000000d5580000,0x00000000ea700000,0x00000000ea700000)
  from space 159744K, 79% used [0x00000000f5280000,0x00000000fcf2d4d8,0x00000000fee80000)
  to   space 175616K, 0% used [0x00000000ea700000,0x00000000ea700000,0x00000000f5280000)
 ParOldGen       total 397824K, used 223676K [0x0000000080000000, 0x0000000098480000, 0x00000000d5580000)
  object space 397824K, 56% used [0x0000000080000000,0x000000008da6f3c0,0x0000000098480000)
 Metaspace       used 101820K, capacity 110320K, committed 110512K, reserved 1144832K
  class space    used 12913K, capacity 14508K, committed 14512K, reserved 1048576K
Event: 2254.254 GC heap after
Heap after GC invocations=58 (full 5):
 PSYoungGen      total 521216K, used 23276K [0x00000000d5580000, 0x0000000100000000, 0x0000000100000000)
  eden space 345600K, 0% used [0x00000000d5580000,0x00000000d5580000,0x00000000ea700000)
  from space 175616K, 13% used [0x00000000ea700000,0x00000000ebdbb398,0x00000000f5280000)
  to   space 171520K, 0% used [0x00000000f5880000,0x00000000f5880000,0x0000000100000000)
 ParOldGen       total 397824K, used 223748K [0x0000000080000000, 0x0000000098480000, 0x00000000d5580000)
  object space 397824K, 56% used [0x0000000080000000,0x000000008da813c0,0x0000000098480000)
 Metaspace       used 101820K, capacity 110320K, committed 110512K, reserved 1144832K
  class space    used 12913K, capacity 14508K, committed 14512K, reserved 1048576K
}
Event: 2385.231 GC heap before
{Heap before GC invocations=59 (full 5):
 PSYoungGen      total 521216K, used 368788K [0x00000000d5580000, 0x0000000100000000, 0x0000000100000000)
  eden space 345600K, 99% used [0x00000000d5580000,0x00000000ea6e9df8,0x00000000ea700000)
  from space 175616K, 13% used [0x00000000ea700000,0x00000000ebdbb398,0x00000000f5280000)
  to   space 171520K, 0% used [0x00000000f5880000,0x00000000f5880000,0x0000000100000000)
 ParOldGen       total 397824K, used 223748K [0x0000000080000000, 0x0000000098480000, 0x00000000d5580000)
  object space 397824K, 56% used [0x0000000080000000,0x000000008da813c0,0x0000000098480000)
 Metaspace       used 102145K, capacity 110752K, committed 110896K, reserved 1144832K
  class space    used 12935K, capacity 14548K, committed 14640K, reserved 1048576K
Event: 2385.285 GC heap after
Heap after GC invocations=59 (full 5):
 PSYoungGen      total 500736K, used 45933K [0x00000000d5580000, 0x00000000fea00000, 0x0000000100000000)
  eden space 351744K, 0% used [0x00000000d5580000,0x00000000d5580000,0x00000000ead00000)
  from space 148992K, 30% used [0x00000000f5880000,0x00000000f855b7b0,0x00000000fea00000)
  to   space 162304K, 0% used [0x00000000ead00000,0x00000000ead00000,0x00000000f4b80000)
 ParOldGen       total 397824K, used 223804K [0x0000000080000000, 0x0000000098480000, 0x00000000d5580000)
  object space 397824K, 56% used [0x0000000080000000,0x000000008da8f3c0,0x0000000098480000)
 Metaspace       used 102145K, capacity 110752K, committed 110896K, reserved 1144832K
  class space    used 12935K, capacity 14548K, committed 14640K, reserved 1048576K
}
Event: 2388.027 GC heap before
{Heap before GC invocations=60 (full 5):
 PSYoungGen      total 500736K, used 397677K [0x00000000d5580000, 0x00000000fea00000, 0x0000000100000000)
  eden space 351744K, 100% used [0x00000000d5580000,0x00000000ead00000,0x00000000ead00000)
  from space 148992K, 30% used [0x00000000f5880000,0x00000000f855b7b0,0x00000000fea00000)
  to   space 162304K, 0% used [0x00000000ead00000,0x00000000ead00000,0x00000000f4b80000)
 ParOldGen       total 397824K, used 223804K [0x0000000080000000, 0x0000000098480000, 0x00000000d5580000)
  object space 397824K, 56% used [0x0000000080000000,0x000000008da8f3c0,0x0000000098480000)
 Metaspace       used 102145K, capacity 110752K, committed 110896K, reserved 1144832K
  class space    used 12935K, capacity 14548K, committed 14640K, reserved 1048576K
Event: 2388.176 GC heap after
Heap after GC invocations=60 (full 5):
 PSYoungGen      total 514048K, used 127861K [0x00000000d5580000, 0x0000000100000000, 0x0000000100000000)
  eden space 351744K, 0% used [0x00000000d5580000,0x00000000d5580000,0x00000000ead00000)
  from space 162304K, 78% used [0x00000000ead00000,0x00000000f29dd4f8,0x00000000f4b80000)
  to   space 177664K, 0% used [0x00000000f5280000,0x00000000f5280000,0x0000000100000000)
 ParOldGen       total 397824K, used 223812K [0x0000000080000000, 0x0000000098480000, 0x00000000d5580000)
  object space 397824K, 56% used [0x0000000080000000,0x000000008da913c0,0x0000000098480000)
 Metaspace       used 102145K, capacity 110752K, committed 110896K, reserved 1144832K
  class space    used 12935K, capacity 14548K, committed 14640K, reserved 1048576K
}

