# JRE version: OpenJDK Runtime Environment (8.0_242-b01) (build 1.8.0_242-release-1644-b01)
# Java VM: OpenJDK 64-Bit Server VM (25.242-b01 mixed mode windows-amd64 compressed oops)
Heap:
 PSYoungGen      total 539136K, used 503370K [0x00000000d5580000, 0x00000000fe880000, 0x0000000100000000)
  eden space 476672K, 100% used [0x00000000d5580000,0x00000000f2700000,0x00000000f2700000)
  from space 62464K, 42% used [0x00000000f2700000,0x00000000f41128d8,0x00000000f6400000)
  to   space 59904K, 99% used [0x00000000fae00000,0x00000000fe87a110,0x00000000fe880000)
 ParOldGen       total 316928K, used 174111K [0x0000000080000000, 0x0000000093580000, 0x00000000d5580000)
  object space 316928K, 54% used [0x0000000080000000,0x000000008aa09de0,0x0000000093580000)
 Metaspace       used 87806K, capacity 92098K, committed 92208K, reserved 1128448K
  class space    used 11731K, capacity 12569K, committed 12592K, reserved 1048576K
GC Heap History (10 events):
Event: 20.767 GC heap after
Heap after GC invocations=13 (full 3):
 PSYoungGen      total 420864K, used 24034K [0x00000000d5580000, 0x00000000f1f80000, 0x0000000100000000)
  eden space 396800K, 0% used [0x00000000d5580000,0x00000000d5580000,0x00000000ed900000)
  from space 24064K, 99% used [0x00000000ef680000,0x00000000f0df89a8,0x00000000f0e00000)
  to   space 30208K, 0% used [0x00000000ed900000,0x00000000ed900000,0x00000000ef680000)
 ParOldGen       total 142336K, used 44938K [0x0000000080000000, 0x0000000088b00000, 0x00000000d5580000)
  object space 142336K, 31% used [0x0000000080000000,0x0000000082be2a20,0x0000000088b00000)
 Metaspace       used 67213K, capacity 70290K, committed 70576K, reserved 1110016K
  class space    used 9189K, capacity 9844K, committed 9904K, reserved 1048576K
}
Event: 25.212 GC heap before
{Heap before GC invocations=14 (full 3):
 PSYoungGen      total 420864K, used 420834K [0x00000000d5580000, 0x00000000f1f80000, 0x0000000100000000)
  eden space 396800K, 100% used [0x00000000d5580000,0x00000000ed900000,0x00000000ed900000)
  from space 24064K, 99% used [0x00000000ef680000,0x00000000f0df89a8,0x00000000f0e00000)
  to   space 30208K, 0% used [0x00000000ed900000,0x00000000ed900000,0x00000000ef680000)
 ParOldGen       total 142336K, used 44938K [0x0000000080000000, 0x0000000088b00000, 0x00000000d5580000)
  object space 142336K, 31% used [0x0000000080000000,0x0000000082be2a20,0x0000000088b00000)
 Metaspace       used 76899K, capacity 80714K, committed 80816K, reserved 1118208K
  class space    used 10612K, capacity 11407K, committed 11440K, reserved 1048576K
Event: 25.392 GC heap after
Heap after GC invocations=14 (full 3):
 PSYoungGen      total 427008K, used 30180K [0x00000000d5580000, 0x00000000fc800000, 0x0000000100000000)
  eden space 396800K, 0% used [0x00000000d5580000,0x00000000d5580000,0x00000000ed900000)
  from space 30208K, 99% used [0x00000000ed900000,0x00000000ef679330,0x00000000ef680000)
  to   space 66048K, 0% used [0x00000000f8780000,0x00000000f8780000,0x00000000fc800000)
 ParOldGen       total 142336K, used 129116K [0x0000000080000000, 0x0000000088b00000, 0x00000000d5580000)
  object space 142336K, 90% used [0x0000000080000000,0x0000000087e17048,0x0000000088b00000)
 Metaspace       used 76899K, capacity 80714K, committed 80816K, reserved 1118208K
  class space    used 10612K, capacity 11407K, committed 11440K, reserved 1048576K
}
Event: 25.392 GC heap before
{Heap before GC invocations=15 (full 4):
 PSYoungGen      total 427008K, used 30180K [0x00000000d5580000, 0x00000000fc800000, 0x0000000100000000)
  eden space 396800K, 0% used [0x00000000d5580000,0x00000000d5580000,0x00000000ed900000)
  from space 30208K, 99% used [0x00000000ed900000,0x00000000ef679330,0x00000000ef680000)
  to   space 66048K, 0% used [0x00000000f8780000,0x00000000f8780000,0x00000000fc800000)
 ParOldGen       total 142336K, used 129116K [0x0000000080000000, 0x0000000088b00000, 0x00000000d5580000)
  object space 142336K, 90% used [0x0000000080000000,0x0000000087e17048,0x0000000088b00000)
 Metaspace       used 76899K, capacity 80714K, committed 80816K, reserved 1118208K
  class space    used 10612K, capacity 11407K, committed 11440K, reserved 1048576K
Event: 26.590 GC heap after
Heap after GC invocations=15 (full 4):
 PSYoungGen      total 427008K, used 9178K [0x00000000d5580000, 0x00000000fc800000, 0x0000000100000000)
  eden space 396800K, 0% used [0x00000000d5580000,0x00000000d5580000,0x00000000ed900000)
  from space 30208K, 30% used [0x00000000ed900000,0x00000000ee1f6918,0x00000000ef680000)
  to   space 66048K, 0% used [0x00000000f8780000,0x00000000f8780000,0x00000000fc800000)
 ParOldGen       total 316928K, used 141995K [0x0000000080000000, 0x0000000093580000, 0x00000000d5580000)
  object space 316928K, 44% used [0x0000000080000000,0x0000000088aaad10,0x0000000093580000)
 Metaspace       used 76517K, capacity 80042K, committed 80816K, reserved 1118208K
  class space    used 10549K, capacity 11293K, committed 11440K, reserved 1048576K
}
Event: 33.665 GC heap before
{Heap before GC invocations=16 (full 4):
 PSYoungGen      total 427008K, used 405978K [0x00000000d5580000, 0x00000000fc800000, 0x0000000100000000)
  eden space 396800K, 100% used [0x00000000d5580000,0x00000000ed900000,0x00000000ed900000)
  from space 30208K, 30% used [0x00000000ed900000,0x00000000ee1f6918,0x00000000ef680000)
  to   space 66048K, 0% used [0x00000000f8780000,0x00000000f8780000,0x00000000fc800000)
 ParOldGen       total 316928K, used 141995K [0x0000000080000000, 0x0000000093580000, 0x00000000d5580000)
  object space 316928K, 44% used [0x0000000080000000,0x0000000088aaad10,0x0000000093580000)
 Metaspace       used 83722K, capacity 87624K, committed 87856K, reserved 1124352K
  class space    used 11515K, capacity 12320K, committed 12336K, reserved 1048576K
Event: 33.766 GC heap after
Heap after GC invocations=16 (full 4):
 PSYoungGen      total 502784K, used 26049K [0x00000000d5580000, 0x00000000fa100000, 0x0000000100000000)
  eden space 476672K, 0% used [0x00000000d5580000,0x00000000d5580000,0x00000000f2700000)
  from space 26112K, 99% used [0x00000000f8780000,0x00000000fa0f04e0,0x00000000fa100000)
  to   space 62464K, 0% used [0x00000000f2700000,0x00000000f2700000,0x00000000f6400000)
 ParOldGen       total 316928K, used 148405K [0x0000000080000000, 0x0000000093580000, 0x00000000d5580000)
  object space 316928K, 46% used [0x0000000080000000,0x00000000890ed4b8,0x0000000093580000)
 Metaspace       used 83722K, capacity 87624K, committed 87856K, reserved 1124352K
  class space    used 11515K, capacity 12320K, committed 12336K, reserved 1048576K
}
Event: 291.424 GC heap before
{Heap before GC invocations=17 (full 4):
 PSYoungGen      total 502784K, used 502721K [0x00000000d5580000, 0x00000000fa100000, 0x0000000100000000)
  eden space 476672K, 100% used [0x00000000d5580000,0x00000000f2700000,0x00000000f2700000)
  from space 26112K, 99% used [0x00000000f8780000,0x00000000fa0f04e0,0x00000000fa100000)
  to   space 62464K, 0% used [0x00000000f2700000,0x00000000f2700000,0x00000000f6400000)
 ParOldGen       total 316928K, used 148405K [0x0000000080000000, 0x0000000093580000, 0x00000000d5580000)
  object space 316928K, 46% used [0x0000000080000000,0x00000000890ed4b8,0x0000000093580000)
 Metaspace       used 87624K, capacity 91774K, committed 91952K, reserved 1128448K
  class space    used 11720K, capacity 12549K, committed 12592K, reserved 1048576K
Event: 291.489 GC heap after
Heap after GC invocations=17 (full 4):
 PSYoungGen      total 539136K, used 26698K [0x00000000d5580000, 0x00000000fe880000, 0x0000000100000000)
  eden space 476672K, 0% used [0x00000000d5580000,0x00000000d5580000,0x00000000f2700000)
  from space 62464K, 42% used [0x00000000f2700000,0x00000000f41128d8,0x00000000f6400000)
  to   space 59904K, 0% used [0x00000000fae00000,0x00000000fae00000,0x00000000fe880000)
 ParOldGen       total 316928K, used 148413K [0x0000000080000000, 0x0000000093580000, 0x00000000d5580000)
  object space 316928K, 46% used [0x0000000080000000,0x00000000890ef4b8,0x0000000093580000)
 Metaspace       used 87624K, capacity 91774K, committed 91952K, reserved 1128448K
  class space    used 11720K, capacity 12549K, committed 12592K, reserved 1048576K
}
Event: 294.897 GC heap before
{Heap before GC invocations=18 (full 4):
 PSYoungGen      total 539136K, used 503370K [0x00000000d5580000, 0x00000000fe880000, 0x0000000100000000)
  eden space 476672K, 100% used [0x00000000d5580000,0x00000000f2700000,0x00000000f2700000)
  from space 62464K, 42% used [0x00000000f2700000,0x00000000f41128d8,0x00000000f6400000)
  to   space 59904K, 0% used [0x00000000fae00000,0x00000000fae00000,0x00000000fe880000)
 ParOldGen       total 316928K, used 148413K [0x0000000080000000, 0x0000000093580000, 0x00000000d5580000)
  object space 316928K, 46% used [0x0000000080000000,0x00000000890ef4b8,0x0000000093580000)
 Metaspace       used 87806K, capacity 92098K, committed 92208K, reserved 1128448K
  class space    used 11731K, capacity 12569K, committed 12592K, reserved 1048576K

