# JRE version: OpenJDK Runtime Environment (8.0_242-b01) (build 1.8.0_242-release-1644-b01)
# Java VM: OpenJDK 64-Bit Server VM (25.242-b01 mixed mode windows-amd64 compressed oops)
Heap:
 PSYoungGen      total 506880K, used 205326K [0x00000000d5580000, 0x0000000100000000, 0x0000000100000000)
  eden space 356864K, 18% used [0x00000000d5580000,0x00000000d95fb6f0,0x00000000eb200000)
  from space 150016K, 92% used [0x00000000f6d80000,0x00000000ff588300,0x0000000100000000)
  to   space 171008K, 0% used [0x00000000eb200000,0x00000000eb200000,0x00000000f5900000)
 ParOldGen       total 377856K, used 271281K [0x0000000080000000, 0x0000000097100000, 0x00000000d5580000)
  object space 377856K, 71% used [0x0000000080000000,0x00000000908ec780,0x0000000097100000)
 Metaspace       used 94886K, capacity 99676K, committed 100008K, reserved 1136640K
  class space    used 12190K, capacity 13114K, committed 13232K, reserved 1048576K
GC Heap History (10 events):
Event: 228.485 GC heap before
{Heap before GC invocations=16 (full 4):
 PSYoungGen      total 561664K, used 518160K [0x00000000d5580000, 0x0000000100000000, 0x0000000100000000)
  eden space 480768K, 100% used [0x00000000d5580000,0x00000000f2b00000,0x00000000f2b00000)
  from space 80896K, 46% used [0x00000000f2b00000,0x00000000f4f84320,0x00000000f7a00000)
  to   space 78848K, 0% used [0x00000000fb300000,0x00000000fb300000,0x0000000100000000)
 ParOldGen       total 377856K, used 161693K [0x0000000080000000, 0x0000000097100000, 0x00000000d5580000)
  object space 377856K, 42% used [0x0000000080000000,0x0000000089de76a0,0x0000000097100000)
 Metaspace       used 92538K, capacity 96742K, committed 96936K, reserved 1132544K
  class space    used 12059K, capacity 12889K, committed 12976K, reserved 1048576K
Event: 228.774 GC heap after
Heap after GC invocations=16 (full 4):
 PSYoungGen      total 552448K, used 78836K [0x00000000d5580000, 0x0000000100000000, 0x0000000100000000)
  eden space 473600K, 0% used [0x00000000d5580000,0x00000000d5580000,0x00000000f2400000)
  from space 78848K, 99% used [0x00000000fb300000,0x00000000ffffd150,0x0000000100000000)
  to   space 112640K, 0% used [0x00000000f2400000,0x00000000f2400000,0x00000000f9200000)
 ParOldGen       total 377856K, used 217435K [0x0000000080000000, 0x0000000097100000, 0x00000000d5580000)
  object space 377856K, 57% used [0x0000000080000000,0x000000008d456c28,0x0000000097100000)
 Metaspace       used 92538K, capacity 96742K, committed 96936K, reserved 1132544K
  class space    used 12059K, capacity 12889K, committed 12976K, reserved 1048576K
}
Event: 359.665 GC heap before
{Heap before GC invocations=17 (full 4):
 PSYoungGen      total 552448K, used 552436K [0x00000000d5580000, 0x0000000100000000, 0x0000000100000000)
  eden space 473600K, 100% used [0x00000000d5580000,0x00000000f2400000,0x00000000f2400000)
  from space 78848K, 99% used [0x00000000fb300000,0x00000000ffffd150,0x0000000100000000)
  to   space 112640K, 0% used [0x00000000f2400000,0x00000000f2400000,0x00000000f9200000)
 ParOldGen       total 377856K, used 217435K [0x0000000080000000, 0x0000000097100000, 0x00000000d5580000)
  object space 377856K, 57% used [0x0000000080000000,0x000000008d456c28,0x0000000097100000)
 Metaspace       used 93442K, capacity 97846K, committed 98088K, reserved 1134592K
  class space    used 12115K, capacity 12987K, committed 13104K, reserved 1048576K
Event: 359.819 GC heap after
Heap after GC invocations=17 (full 4):
 PSYoungGen      total 535552K, used 61942K [0x00000000d5580000, 0x0000000100000000, 0x0000000100000000)
  eden space 473600K, 0% used [0x00000000d5580000,0x00000000d5580000,0x00000000f2400000)
  from space 61952K, 99% used [0x00000000f2400000,0x00000000f607d9b8,0x00000000f6080000)
  to   space 113152K, 0% used [0x00000000f9180000,0x00000000f9180000,0x0000000100000000)
 ParOldGen       total 377856K, used 217443K [0x0000000080000000, 0x0000000097100000, 0x00000000d5580000)
  object space 377856K, 57% used [0x0000000080000000,0x000000008d458c28,0x0000000097100000)
 Metaspace       used 93442K, capacity 97846K, committed 98088K, reserved 1134592K
  class space    used 12115K, capacity 12987K, committed 13104K, reserved 1048576K
}
Event: 363.651 GC heap before
{Heap before GC invocations=18 (full 4):
 PSYoungGen      total 535552K, used 535542K [0x00000000d5580000, 0x0000000100000000, 0x0000000100000000)
  eden space 473600K, 100% used [0x00000000d5580000,0x00000000f2400000,0x00000000f2400000)
  from space 61952K, 99% used [0x00000000f2400000,0x00000000f607d9b8,0x00000000f6080000)
  to   space 113152K, 0% used [0x00000000f9180000,0x00000000f9180000,0x0000000100000000)
 ParOldGen       total 377856K, used 217443K [0x0000000080000000, 0x0000000097100000, 0x00000000d5580000)
  object space 377856K, 57% used [0x0000000080000000,0x000000008d458c28,0x0000000097100000)
 Metaspace       used 93594K, capacity 98072K, committed 98344K, reserved 1134592K
  class space    used 12124K, capacity 13002K, committed 13104K, reserved 1048576K
Event: 363.935 GC heap after
Heap after GC invocations=18 (full 4):
 PSYoungGen      total 509952K, used 113139K [0x00000000d5580000, 0x0000000100000000, 0x0000000100000000)
  eden space 396800K, 0% used [0x00000000d5580000,0x00000000d5580000,0x00000000ed900000)
  from space 113152K, 99% used [0x00000000f9180000,0x00000000ffffce20,0x0000000100000000)
  to   space 151040K, 0% used [0x00000000ed900000,0x00000000ed900000,0x00000000f6c80000)
 ParOldGen       total 377856K, used 267897K [0x0000000080000000, 0x0000000097100000, 0x00000000d5580000)
  object space 377856K, 70% used [0x0000000080000000,0x000000009059e460,0x0000000097100000)
 Metaspace       used 93594K, capacity 98072K, committed 98344K, reserved 1134592K
  class space    used 12124K, capacity 13002K, committed 13104K, reserved 1048576K
}
Event: 631.107 GC heap before
{Heap before GC invocations=19 (full 4):
 PSYoungGen      total 509952K, used 509939K [0x00000000d5580000, 0x0000000100000000, 0x0000000100000000)
  eden space 396800K, 100% used [0x00000000d5580000,0x00000000ed900000,0x00000000ed900000)
  from space 113152K, 99% used [0x00000000f9180000,0x00000000ffffce20,0x0000000100000000)
  to   space 151040K, 0% used [0x00000000ed900000,0x00000000ed900000,0x00000000f6c80000)
 ParOldGen       total 377856K, used 267897K [0x0000000080000000, 0x0000000097100000, 0x00000000d5580000)
  object space 377856K, 70% used [0x0000000080000000,0x000000009059e460,0x0000000097100000)
 Metaspace       used 94170K, capacity 98914K, committed 99112K, reserved 1134592K
  class space    used 12159K, capacity 13065K, committed 13104K, reserved 1048576K
Event: 631.377 GC heap after
Heap after GC invocations=19 (full 4):
 PSYoungGen      total 547840K, used 77448K [0x00000000d5580000, 0x0000000100000000, 0x0000000100000000)
  eden space 396800K, 0% used [0x00000000d5580000,0x00000000d5580000,0x00000000ed900000)
  from space 151040K, 51% used [0x00000000ed900000,0x00000000f24a2308,0x00000000f6c80000)
  to   space 150016K, 0% used [0x00000000f6d80000,0x00000000f6d80000,0x0000000100000000)
 ParOldGen       total 377856K, used 271273K [0x0000000080000000, 0x0000000097100000, 0x00000000d5580000)
  object space 377856K, 71% used [0x0000000080000000,0x00000000908ea780,0x0000000097100000)
 Metaspace       used 94170K, capacity 98914K, committed 99112K, reserved 1134592K
  class space    used 12159K, capacity 13065K, committed 13104K, reserved 1048576K
}
Event: 635.147 GC heap before
{Heap before GC invocations=20 (full 4):
 PSYoungGen      total 547840K, used 474248K [0x00000000d5580000, 0x0000000100000000, 0x0000000100000000)
  eden space 396800K, 100% used [0x00000000d5580000,0x00000000ed900000,0x00000000ed900000)
  from space 151040K, 51% used [0x00000000ed900000,0x00000000f24a2308,0x00000000f6c80000)
  to   space 150016K, 0% used [0x00000000f6d80000,0x00000000f6d80000,0x0000000100000000)
 ParOldGen       total 377856K, used 271273K [0x0000000080000000, 0x0000000097100000, 0x00000000d5580000)
  object space 377856K, 71% used [0x0000000080000000,0x00000000908ea780,0x0000000097100000)
 Metaspace       used 94838K, capacity 99676K, committed 100008K, reserved 1136640K
  class space    used 12190K, capacity 13114K, committed 13232K, reserved 1048576K
Event: 635.446 GC heap after
Heap after GC invocations=20 (full 4):
 PSYoungGen      total 506880K, used 139296K [0x00000000d5580000, 0x0000000100000000, 0x0000000100000000)
  eden space 356864K, 0% used [0x00000000d5580000,0x00000000d5580000,0x00000000eb200000)
  from space 150016K, 92% used [0x00000000f6d80000,0x00000000ff588300,0x0000000100000000)
  to   space 171008K, 0% used [0x00000000eb200000,0x00000000eb200000,0x00000000f5900000)
 ParOldGen       total 377856K, used 271281K [0x0000000080000000, 0x0000000097100000, 0x00000000d5580000)
  object space 377856K, 71% used [0x0000000080000000,0x00000000908ec780,0x0000000097100000)
 Metaspace       used 94838K, capacity 99676K, committed 100008K, reserved 1136640K
  class space    used 12190K, capacity 13114K, committed 13232K, reserved 1048576K
}

