# JRE version: OpenJDK Runtime Environment (8.0_242-b01) (build 1.8.0_242-release-1644-b01)
# Java VM: OpenJDK 64-Bit Server VM (25.242-b01 mixed mode windows-amd64 compressed oops)
Heap:
 PSYoungGen      total 422400K, used 422351K [0x00000000d5580000, 0x0000000100000000, 0x0000000100000000)
  eden space 275968K, 100% used [0x00000000d5580000,0x00000000e6300000,0x00000000e6300000)
  from space 146432K, 99% used [0x00000000e6300000,0x00000000ef1f3d78,0x00000000ef200000)
  to   space 219648K, 8% used [0x00000000f2980000,0x00000000f3ca1f50,0x0000000100000000)
 ParOldGen       total 395776K, used 335326K [0x0000000080000000, 0x0000000098280000, 0x00000000d5580000)
  object space 395776K, 84% used [0x0000000080000000,0x0000000094777868,0x0000000098280000)
 Metaspace       used 102461K, capacity 110528K, committed 110760K, reserved 1144832K
  class space    used 13060K, capacity 14434K, committed 14512K, reserved 1048576K
GC Heap History (10 events):
Event: 3372.897 GC heap after
Heap after GC invocations=36 (full 5):
 PSYoungGen      total 508928K, used 81554K [0x00000000d5580000, 0x0000000100000000, 0x0000000100000000)
  eden space 318976K, 0% used [0x00000000d5580000,0x00000000d5580000,0x00000000e8d00000)
  from space 189952K, 42% used [0x00000000e8d00000,0x00000000edca4930,0x00000000f4680000)
  to   space 181760K, 0% used [0x00000000f4e80000,0x00000000f4e80000,0x0000000100000000)
 ParOldGen       total 395776K, used 258204K [0x0000000080000000, 0x0000000098280000, 0x00000000d5580000)
  object space 395776K, 65% used [0x0000000080000000,0x000000008fc273e8,0x0000000098280000)
 Metaspace       used 101510K, capacity 109204K, committed 109352K, reserved 1144832K
  class space    used 12981K, capacity 14290K, committed 14384K, reserved 1048576K
}
Event: 3375.285 GC heap before
{Heap before GC invocations=37 (full 5):
 PSYoungGen      total 508928K, used 400530K [0x00000000d5580000, 0x0000000100000000, 0x0000000100000000)
  eden space 318976K, 100% used [0x00000000d5580000,0x00000000e8d00000,0x00000000e8d00000)
  from space 189952K, 42% used [0x00000000e8d00000,0x00000000edca4930,0x00000000f4680000)
  to   space 181760K, 0% used [0x00000000f4e80000,0x00000000f4e80000,0x0000000100000000)
 ParOldGen       total 395776K, used 258204K [0x0000000080000000, 0x0000000098280000, 0x00000000d5580000)
  object space 395776K, 65% used [0x0000000080000000,0x000000008fc273e8,0x0000000098280000)
 Metaspace       used 101884K, capacity 109648K, committed 109864K, reserved 1144832K
  class space    used 13004K, capacity 14330K, committed 14384K, reserved 1048576K
Event: 3375.482 GC heap after
Heap after GC invocations=37 (full 5):
 PSYoungGen      total 507904K, used 113063K [0x00000000d5580000, 0x00000000fff00000, 0x0000000100000000)
  eden space 327168K, 0% used [0x00000000d5580000,0x00000000d5580000,0x00000000e9500000)
  from space 180736K, 62% used [0x00000000f4e80000,0x00000000fbce9ef0,0x00000000fff00000)
  to   space 185344K, 0% used [0x00000000e9500000,0x00000000e9500000,0x00000000f4a00000)
 ParOldGen       total 395776K, used 258212K [0x0000000080000000, 0x0000000098280000, 0x00000000d5580000)
  object space 395776K, 65% used [0x0000000080000000,0x000000008fc293e8,0x0000000098280000)
 Metaspace       used 101884K, capacity 109648K, committed 109864K, reserved 1144832K
  class space    used 13004K, capacity 14330K, committed 14384K, reserved 1048576K
}
Event: 3376.847 GC heap before
{Heap before GC invocations=38 (full 5):
 PSYoungGen      total 507904K, used 440231K [0x00000000d5580000, 0x00000000fff00000, 0x0000000100000000)
  eden space 327168K, 100% used [0x00000000d5580000,0x00000000e9500000,0x00000000e9500000)
  from space 180736K, 62% used [0x00000000f4e80000,0x00000000fbce9ef0,0x00000000fff00000)
  to   space 185344K, 0% used [0x00000000e9500000,0x00000000e9500000,0x00000000f4a00000)
 ParOldGen       total 395776K, used 258212K [0x0000000080000000, 0x0000000098280000, 0x00000000d5580000)
  object space 395776K, 65% used [0x0000000080000000,0x000000008fc293e8,0x0000000098280000)
 Metaspace       used 101885K, capacity 109648K, committed 109864K, reserved 1144832K
  class space    used 13004K, capacity 14330K, committed 14384K, reserved 1048576K
Event: 3377.119 GC heap after
Heap after GC invocations=38 (full 5):
 PSYoungGen      total 512512K, used 185320K [0x00000000d5580000, 0x0000000100000000, 0x0000000100000000)
  eden space 327168K, 0% used [0x00000000d5580000,0x00000000d5580000,0x00000000e9500000)
  from space 185344K, 99% used [0x00000000e9500000,0x00000000f49fa2f8,0x00000000f4a00000)
  to   space 186368K, 0% used [0x00000000f4a00000,0x00000000f4a00000,0x0000000100000000)
 ParOldGen       total 395776K, used 267813K [0x0000000080000000, 0x0000000098280000, 0x00000000d5580000)
  object space 395776K, 67% used [0x0000000080000000,0x0000000090589598,0x0000000098280000)
 Metaspace       used 101885K, capacity 109648K, committed 109864K, reserved 1144832K
  class space    used 13004K, capacity 14330K, committed 14384K, reserved 1048576K
}
Event: 3459.360 GC heap before
{Heap before GC invocations=39 (full 5):
 PSYoungGen      total 512512K, used 512488K [0x00000000d5580000, 0x0000000100000000, 0x0000000100000000)
  eden space 327168K, 100% used [0x00000000d5580000,0x00000000e9500000,0x00000000e9500000)
  from space 185344K, 99% used [0x00000000e9500000,0x00000000f49fa2f8,0x00000000f4a00000)
  to   space 186368K, 0% used [0x00000000f4a00000,0x00000000f4a00000,0x0000000100000000)
 ParOldGen       total 395776K, used 267813K [0x0000000080000000, 0x0000000098280000, 0x00000000d5580000)
  object space 395776K, 67% used [0x0000000080000000,0x0000000090589598,0x0000000098280000)
 Metaspace       used 102401K, capacity 110464K, committed 110760K, reserved 1144832K
  class space    used 13060K, capacity 14434K, committed 14512K, reserved 1048576K
Event: 3459.522 GC heap after
Heap after GC invocations=39 (full 5):
 PSYoungGen      total 462336K, used 113803K [0x00000000d5580000, 0x0000000100000000, 0x0000000100000000)
  eden space 275968K, 0% used [0x00000000d5580000,0x00000000d5580000,0x00000000e6300000)
  from space 186368K, 61% used [0x00000000f4a00000,0x00000000fb922e38,0x0000000100000000)
  to   space 211456K, 0% used [0x00000000e6300000,0x00000000e6300000,0x00000000f3180000)
 ParOldGen       total 395776K, used 267853K [0x0000000080000000, 0x0000000098280000, 0x00000000d5580000)
  object space 395776K, 67% used [0x0000000080000000,0x0000000090593598,0x0000000098280000)
 Metaspace       used 102401K, capacity 110464K, committed 110760K, reserved 1144832K
  class space    used 13060K, capacity 14434K, committed 14512K, reserved 1048576K
}
Event: 3460.944 GC heap before
{Heap before GC invocations=40 (full 5):
 PSYoungGen      total 462336K, used 389771K [0x00000000d5580000, 0x0000000100000000, 0x0000000100000000)
  eden space 275968K, 100% used [0x00000000d5580000,0x00000000e6300000,0x00000000e6300000)
  from space 186368K, 61% used [0x00000000f4a00000,0x00000000fb922e38,0x0000000100000000)
  to   space 211456K, 0% used [0x00000000e6300000,0x00000000e6300000,0x00000000f3180000)
 ParOldGen       total 395776K, used 267853K [0x0000000080000000, 0x0000000098280000, 0x00000000d5580000)
  object space 395776K, 67% used [0x0000000080000000,0x0000000090593598,0x0000000098280000)
 Metaspace       used 102402K, capacity 110464K, committed 110760K, reserved 1144832K
  class space    used 13060K, capacity 14434K, committed 14512K, reserved 1048576K
Event: 3461.229 GC heap after
Heap after GC invocations=40 (full 5):
 PSYoungGen      total 422400K, used 146383K [0x00000000d5580000, 0x0000000100000000, 0x0000000100000000)
  eden space 275968K, 0% used [0x00000000d5580000,0x00000000d5580000,0x00000000e6300000)
  from space 146432K, 99% used [0x00000000e6300000,0x00000000ef1f3d78,0x00000000ef200000)
  to   space 219648K, 0% used [0x00000000f2980000,0x00000000f2980000,0x0000000100000000)
 ParOldGen       total 395776K, used 317259K [0x0000000080000000, 0x0000000098280000, 0x00000000d5580000)
  object space 395776K, 80% used [0x0000000080000000,0x00000000935d2df8,0x0000000098280000)
 Metaspace       used 102402K, capacity 110464K, committed 110760K, reserved 1144832K
  class space    used 13060K, capacity 14434K, committed 14512K, reserved 1048576K
}
Event: 3537.950 GC heap before
{Heap before GC invocations=41 (full 5):
 PSYoungGen      total 422400K, used 422351K [0x00000000d5580000, 0x0000000100000000, 0x0000000100000000)
  eden space 275968K, 100% used [0x00000000d5580000,0x00000000e6300000,0x00000000e6300000)
  from space 146432K, 99% used [0x00000000e6300000,0x00000000ef1f3d78,0x00000000ef200000)
  to   space 219648K, 0% used [0x00000000f2980000,0x00000000f2980000,0x0000000100000000)
 ParOldGen       total 395776K, used 317259K [0x0000000080000000, 0x0000000098280000, 0x00000000d5580000)
  object space 395776K, 80% used [0x0000000080000000,0x00000000935d2df8,0x0000000098280000)
 Metaspace       used 102461K, capacity 110528K, committed 110760K, reserved 1144832K
  class space    used 13060K, capacity 14434K, committed 14512K, reserved 1048576K

