# JRE version: OpenJDK Runtime Environment (8.0_242-b01) (build 1.8.0_242-release-1644-b01)
# Java VM: OpenJDK 64-Bit Server VM (25.242-b01 mixed mode windows-amd64 compressed oops)
Heap:
 PSYoungGen      total 326144K, used 270612K [0x00000000d5580000, 0x00000000f0180000, 0x0000000100000000)
  eden space 302080K, 82% used [0x00000000d5580000,0x00000000e4863f40,0x00000000e7c80000)
  from space 24064K, 90% used [0x00000000e7c80000,0x00000000e91e1388,0x00000000e9400000)
  to   space 26624K, 0% used [0x00000000ee780000,0x00000000ee780000,0x00000000f0180000)
 ParOldGen       total 130560K, used 60702K [0x0000000080000000, 0x0000000087f80000, 0x00000000d5580000)
  object space 130560K, 46% used [0x0000000080000000,0x0000000083b47938,0x0000000087f80000)
 Metaspace       used 85587K, capacity 89704K, committed 89768K, reserved 1126400K
  class space    used 11575K, capacity 12416K, committed 12464K, reserved 1048576K
GC Heap History (10 events):
Event: 35.441 GC heap before
{Heap before GC invocations=12 (full 2):
 PSYoungGen      total 181760K, used 145828K [0x00000000d5580000, 0x00000000e5c00000, 0x0000000100000000)
  eden space 168960K, 78% used [0x00000000d5580000,0x00000000dd76a0c0,0x00000000dfa80000)
  from space 12800K, 99% used [0x00000000dfa80000,0x00000000e06ff1d8,0x00000000e0700000)
  to   space 17408K, 0% used [0x00000000e4b00000,0x00000000e4b00000,0x00000000e5c00000)
 ParOldGen       total 88576K, used 22557K [0x0000000080000000, 0x0000000085680000, 0x00000000d5580000)
  object space 88576K, 25% used [0x0000000080000000,0x0000000081607428,0x0000000085680000)
 Metaspace       used 56996K, capacity 59050K, committed 59160K, reserved 1099776K
  class space    used 7822K, capacity 8301K, committed 8368K, reserved 1048576K
Event: 35.660 GC heap after
Heap after GC invocations=12 (full 2):
 PSYoungGen      total 246784K, used 17404K [0x00000000d5580000, 0x00000000e6800000, 0x0000000100000000)
  eden space 229376K, 0% used [0x00000000d5580000,0x00000000d5580000,0x00000000e3580000)
  from space 17408K, 99% used [0x00000000e4b00000,0x00000000e5bff330,0x00000000e5c00000)
  to   space 22016K, 0% used [0x00000000e3580000,0x00000000e3580000,0x00000000e4b00000)
 ParOldGen       total 88576K, used 29676K [0x0000000080000000, 0x0000000085680000, 0x00000000d5580000)
  object space 88576K, 33% used [0x0000000080000000,0x0000000081cfb250,0x0000000085680000)
 Metaspace       used 56996K, capacity 59050K, committed 59160K, reserved 1099776K
  class space    used 7822K, capacity 8301K, committed 8368K, reserved 1048576K
}
Event: 35.660 GC heap before
{Heap before GC invocations=13 (full 3):
 PSYoungGen      total 246784K, used 17404K [0x00000000d5580000, 0x00000000e6800000, 0x0000000100000000)
  eden space 229376K, 0% used [0x00000000d5580000,0x00000000d5580000,0x00000000e3580000)
  from space 17408K, 99% used [0x00000000e4b00000,0x00000000e5bff330,0x00000000e5c00000)
  to   space 22016K, 0% used [0x00000000e3580000,0x00000000e3580000,0x00000000e4b00000)
 ParOldGen       total 88576K, used 29676K [0x0000000080000000, 0x0000000085680000, 0x00000000d5580000)
  object space 88576K, 33% used [0x0000000080000000,0x0000000081cfb250,0x0000000085680000)
 Metaspace       used 56996K, capacity 59050K, committed 59160K, reserved 1099776K
  class space    used 7822K, capacity 8301K, committed 8368K, reserved 1048576K
Event: 36.191 GC heap after
Heap after GC invocations=13 (full 3):
 PSYoungGen      total 246784K, used 0K [0x00000000d5580000, 0x00000000e6800000, 0x0000000100000000)
  eden space 229376K, 0% used [0x00000000d5580000,0x00000000d5580000,0x00000000e3580000)
  from space 17408K, 0% used [0x00000000e4b00000,0x00000000e4b00000,0x00000000e5c00000)
  to   space 22016K, 0% used [0x00000000e3580000,0x00000000e3580000,0x00000000e4b00000)
 ParOldGen       total 130560K, used 36500K [0x0000000080000000, 0x0000000087f80000, 0x00000000d5580000)
  object space 130560K, 27% used [0x0000000080000000,0x00000000823a5188,0x0000000087f80000)
 Metaspace       used 56987K, capacity 59020K, committed 59160K, reserved 1099776K
  class space    used 7820K, capacity 8296K, committed 8368K, reserved 1048576K
}
Event: 44.815 GC heap before
{Heap before GC invocations=14 (full 3):
 PSYoungGen      total 246784K, used 229376K [0x00000000d5580000, 0x00000000e6800000, 0x0000000100000000)
  eden space 229376K, 100% used [0x00000000d5580000,0x00000000e3580000,0x00000000e3580000)
  from space 17408K, 0% used [0x00000000e4b00000,0x00000000e4b00000,0x00000000e5c00000)
  to   space 22016K, 0% used [0x00000000e3580000,0x00000000e3580000,0x00000000e4b00000)
 ParOldGen       total 130560K, used 36500K [0x0000000080000000, 0x0000000087f80000, 0x00000000d5580000)
  object space 130560K, 27% used [0x0000000080000000,0x00000000823a5188,0x0000000087f80000)
 Metaspace       used 61967K, capacity 64704K, committed 64936K, reserved 1105920K
  class space    used 8460K, capacity 9048K, committed 9136K, reserved 1048576K
Event: 44.870 GC heap after
Heap after GC invocations=14 (full 3):
 PSYoungGen      total 251392K, used 19103K [0x00000000d5580000, 0x00000000eb380000, 0x0000000100000000)
  eden space 229376K, 0% used [0x00000000d5580000,0x00000000d5580000,0x00000000e3580000)
  from space 22016K, 86% used [0x00000000e3580000,0x00000000e4827d48,0x00000000e4b00000)
  to   space 24064K, 0% used [0x00000000e9c00000,0x00000000e9c00000,0x00000000eb380000)
 ParOldGen       total 130560K, used 36508K [0x0000000080000000, 0x0000000087f80000, 0x00000000d5580000)
  object space 130560K, 27% used [0x0000000080000000,0x00000000823a7188,0x0000000087f80000)
 Metaspace       used 61967K, capacity 64704K, committed 64936K, reserved 1105920K
  class space    used 8460K, capacity 9048K, committed 9136K, reserved 1048576K
}
Event: 56.087 GC heap before
{Heap before GC invocations=15 (full 3):
 PSYoungGen      total 251392K, used 248474K [0x00000000d5580000, 0x00000000eb380000, 0x0000000100000000)
  eden space 229376K, 99% used [0x00000000d5580000,0x00000000e357ebc8,0x00000000e3580000)
  from space 22016K, 86% used [0x00000000e3580000,0x00000000e4827d48,0x00000000e4b00000)
  to   space 24064K, 0% used [0x00000000e9c00000,0x00000000e9c00000,0x00000000eb380000)
 ParOldGen       total 130560K, used 36508K [0x0000000080000000, 0x0000000087f80000, 0x00000000d5580000)
  object space 130560K, 27% used [0x0000000080000000,0x00000000823a7188,0x0000000087f80000)
 Metaspace       used 69321K, capacity 72442K, committed 72616K, reserved 1112064K
  class space    used 9409K, capacity 10047K, committed 10160K, reserved 1048576K
Event: 56.152 GC heap after
Heap after GC invocations=15 (full 3):
 PSYoungGen      total 317952K, used 15296K [0x00000000d5580000, 0x00000000eab80000, 0x0000000100000000)
  eden space 302080K, 0% used [0x00000000d5580000,0x00000000d5580000,0x00000000e7c80000)
  from space 15872K, 96% used [0x00000000e9c00000,0x00000000eaaf0300,0x00000000eab80000)
  to   space 24064K, 0% used [0x00000000e7c80000,0x00000000e7c80000,0x00000000e9400000)
 ParOldGen       total 130560K, used 51601K [0x0000000080000000, 0x0000000087f80000, 0x00000000d5580000)
  object space 130560K, 39% used [0x0000000080000000,0x0000000083264720,0x0000000087f80000)
 Metaspace       used 69321K, capacity 72442K, committed 72616K, reserved 1112064K
  class space    used 9409K, capacity 10047K, committed 10160K, reserved 1048576K
}
Event: 186.455 GC heap before
{Heap before GC invocations=16 (full 3):
 PSYoungGen      total 317952K, used 317376K [0x00000000d5580000, 0x00000000eab80000, 0x0000000100000000)
  eden space 302080K, 100% used [0x00000000d5580000,0x00000000e7c80000,0x00000000e7c80000)
  from space 15872K, 96% used [0x00000000e9c00000,0x00000000eaaf0300,0x00000000eab80000)
  to   space 24064K, 0% used [0x00000000e7c80000,0x00000000e7c80000,0x00000000e9400000)
 ParOldGen       total 130560K, used 51601K [0x0000000080000000, 0x0000000087f80000, 0x00000000d5580000)
  object space 130560K, 39% used [0x0000000080000000,0x0000000083264720,0x0000000087f80000)
 Metaspace       used 77393K, capacity 80750K, committed 80936K, reserved 1120256K
  class space    used 10301K, capacity 11023K, committed 11056K, reserved 1048576K
Event: 186.515 GC heap after
Heap after GC invocations=16 (full 3):
 PSYoungGen      total 326144K, used 21892K [0x00000000d5580000, 0x00000000f0180000, 0x0000000100000000)
  eden space 302080K, 0% used [0x00000000d5580000,0x00000000d5580000,0x00000000e7c80000)
  from space 24064K, 90% used [0x00000000e7c80000,0x00000000e91e1388,0x00000000e9400000)
  to   space 26624K, 0% used [0x00000000ee780000,0x00000000ee780000,0x00000000f0180000)
 ParOldGen       total 130560K, used 60702K [0x0000000080000000, 0x0000000087f80000, 0x00000000d5580000)
  object space 130560K, 46% used [0x0000000080000000,0x0000000083b47938,0x0000000087f80000)
 Metaspace       used 77393K, capacity 80750K, committed 80936K, reserved 1120256K
  class space    used 10301K, capacity 11023K, committed 11056K, reserved 1048576K
}

